
ROM used:   133/8192 (2%)
            133/8192 (2%) including unused fragments

            0.2 Average locations per line
            8.9 Average locations per statement

RAM used:   14/368 (4%) at main() level
            15/368 (4%) worst case

Stack used: 1 worst case (0 in main + 1 for interrupts)
Stack size: 8

Lines Stmts  %   Files
----- ----- ---  -----
   38    15 100  main.c
    4     0   0  main.h
  671     0   0  ..\..\..\..\Program Files (x86)\PICC\Devices\16F877A.h
----- -----
  713    15 Total

Page ROM  %  RAM    Vol Diff  Functions:
---- --- --- ---    --- ----  ----------
0     26  20    0     32  1.0  main
0     51  38    1    315  4.1  ngatRDA
 Inline         0    145  3.1  @cinit1

Program metrics:
    Functions               3
    Statements              15
    Comments                119
    Volume (V)              629
    Difficulty (D)          8.3
    Effort to implement (E) 5209
    Time to implement (T)   5 minutes
    Est Delivered Bugs (B)  0
    Cyclomatic Complexity   4
    Maintainability (MI)    101

 Segment     Used  Free
-----------  ----  ----
00000-00003     4  0  
00004-00037    52  0  
00038-007FF    77  1915  
00800-00FFF     0  2048  
01000-017FF     0  2048  
01800-01FFF     0  2048  



